time="2026-04-27T19:30:36-07:00" level=warning msg="No services to build"
 Container ib_gateway Running 
 Container yrvi-scheduler-1 Running 
 Container yrvi-api-1 Running 
 Container yrvi-web-1 Running 
unable to get image 'yrvi-web:local': Cannot connect to the Docker daemon at unix:///Users/seanleegreer/.rd/docker.sock. Is the docker daemon running?
unable to get image 'yrvi-api:local': Cannot connect to the Docker daemon at unix:///Users/seanleegreer/.rd/docker.sock. Is the docker daemon running?
time="2026-04-28T17:00:39-07:00" level=warning msg="No services to build"
 Container ib_gateway Running 
 Container yrvi-scheduler-1 Running 
 Container yrvi-api-1 Running 
 Container yrvi-web-1 Running 
time="2026-04-28T17:05:26-07:00" level=warning msg="No services to build"
 Container ib_gateway Running 
 Container yrvi-scheduler-1 Running 
 Container yrvi-api-1 Running 
 Container yrvi-web-1 Running 
time="2026-04-28T17:10:43-07:00" level=warning msg="No services to build"
 Container ib_gateway Running 
 Container yrvi-scheduler-1 Running 
 Container yrvi-api-1 Running 
 Container yrvi-web-1 Running 
unable to get image 'yrvi-scheduler:local': Cannot connect to the Docker daemon at unix:///Users/seanleegreer/.rd/docker.sock. Is the docker daemon running?
time="2026-04-29T16:55:04-07:00" level=warning msg="No services to build"
 Container ib_gateway Running 
 Container yrvi-api-1 Running 
 Container yrvi-scheduler-1 Running 
 Container yrvi-web-1 Running 
time="2026-04-29T16:57:59-07:00" level=warning msg="No services to build"
 Container ib_gateway Running 
 Container yrvi-scheduler-1 Running 
 Container yrvi-api-1 Running 
 Container yrvi-web-1 Running 
time="2026-04-29T17:03:58-07:00" level=warning msg="No services to build"
 Container ib_gateway Running 
 Container yrvi-scheduler-1 Running 
 Container yrvi-api-1 Running 
 Container yrvi-web-1 Running 
time="2026-04-29T17:09:37-07:00" level=warning msg="No services to build"
 Container ib_gateway Running 
 Container yrvi-scheduler-1 Running 
 Container yrvi-api-1 Running 
 Container yrvi-web-1 Running 
unable to get image 'yrvi-api:local': Cannot connect to the Docker daemon at unix:///var/run/docker.sock. Is the docker daemon running?
